{"level":"info","time":"2024-10-22T18:18:15+03:00","caller":"/opt/homebrew/opt/go/libexec/src/net/http/server.go:2166","message":"getting user by id: 02000000-0000-0000-0000-000000000000"}
{"level":"info","time":"2024-10-22T18:18:15+03:00","caller":"/opt/homebrew/opt/go/libexec/src/net/http/server.go:2166","message":"gettign all salad types on page 1"}
{"level":"info","time":"2024-10-22T18:18:15+03:00","caller":"/opt/homebrew/opt/go/libexec/src/net/http/server.go:2166","message":"getting all ingredients on page: 1"}
{"level":"info","time":"2024-10-22T18:18:15+03:00","caller":"/Users/maximhalitov/Desktop/IU7/bmstu_test/backend/web/handlers.go:197","message":"getting all salads by filter: &{AvailableIngredients:[] MinRate:1 SaladTypes:[] Status:4}"}
{"level":"info","time":"2024-10-22T18:18:15+03:00","caller":"/opt/homebrew/opt/go/libexec/src/net/http/server.go:2166","message":"getting recipe by salad id: fbabc2aa-cd4a-42b0-b68d-d3cf67fba06f"}
{"level":"info","time":"2024-10-22T18:18:15+03:00","caller":"/opt/homebrew/opt/go/libexec/src/net/http/server.go:2166","message":"getting recipe by salad id: c6361bba-465d-46ad-976c-c3eaf16bd640"}
{"level":"info","time":"2024-10-22T18:18:18+03:00","caller":"/Users/maximhalitov/Desktop/IU7/bmstu_test/backend/web/handlers.go:197","message":"getting all salads by filter: &{AvailableIngredients:[] MinRate:0 SaladTypes:[] Status:4}"}
{"level":"info","time":"2024-10-22T18:18:18+03:00","caller":"/opt/homebrew/opt/go/libexec/src/net/http/server.go:2166","message":"getting recipe by salad id: 4be5f0c2-3df5-458c-a865-024c38385532"}
{"level":"info","time":"2024-10-22T18:18:18+03:00","caller":"/opt/homebrew/opt/go/libexec/src/net/http/server.go:2166","message":"getting recipe by salad id: c6361bba-465d-46ad-976c-c3eaf16bd640"}
{"level":"info","time":"2024-10-22T18:18:18+03:00","caller":"/opt/homebrew/opt/go/libexec/src/net/http/server.go:2166","message":"getting recipe by salad id: fbabc2aa-cd4a-42b0-b68d-d3cf67fba06f"}
{"level":"info","time":"2024-10-22T18:18:18+03:00","caller":"/opt/homebrew/opt/go/libexec/src/net/http/server.go:2166","message":"getting recipe by salad id: bb242ed5-e735-4897-b73d-71e7277c7701"}
{"level":"info","time":"2024-10-22T18:18:18+03:00","caller":"/opt/homebrew/opt/go/libexec/src/net/http/server.go:2166","message":"getting recipe by salad id: b9f4e540-bf07-494d-9059-f0d961b9561e"}
{"level":"info","time":"2024-10-22T18:18:36+03:00","caller":"/opt/homebrew/opt/go/libexec/src/net/http/server.go:2166","message":"getting user by id: 01000000-0000-0000-0000-000000000000"}
{"level":"info","time":"2024-10-22T18:18:37+03:00","caller":"/opt/homebrew/opt/go/libexec/src/net/http/server.go:2166","message":"getting all ingredients on page: 1"}
{"level":"info","time":"2024-10-22T18:18:37+03:00","caller":"/opt/homebrew/opt/go/libexec/src/net/http/server.go:2166","message":"gettign all salad types on page 1"}
{"level":"info","time":"2024-10-22T18:18:38+03:00","caller":"/opt/homebrew/opt/go/libexec/src/net/http/server.go:2166","message":"getting user by id: 01000000-0000-0000-0000-000000000000"}
{"level":"info","time":"2024-10-22T18:18:38+03:00","caller":"/opt/homebrew/opt/go/libexec/src/net/http/server.go:2166","message":"getting all ingredients on page: 1"}
{"level":"info","time":"2024-10-22T18:18:38+03:00","caller":"/opt/homebrew/opt/go/libexec/src/net/http/server.go:2166","message":"gettign all salad types on page 1"}
{"level":"info","time":"2024-10-22T18:18:43+03:00","caller":"/opt/homebrew/opt/go/libexec/src/net/http/server.go:2166","message":"login user with username: user"}
{"level":"info","time":"2024-10-22T18:18:43+03:00","caller":"/Users/maximhalitov/Desktop/IU7/bmstu_test/backend/web/handlers.go:197","message":"getting all salads by filter: &{AvailableIngredients:[] MinRate:1 SaladTypes:[] Status:4}"}
{"level":"info","time":"2024-10-22T18:18:43+03:00","caller":"/opt/homebrew/opt/go/libexec/src/net/http/server.go:2166","message":"getting all ingredients on page: 1"}
{"level":"info","time":"2024-10-22T18:18:43+03:00","caller":"/opt/homebrew/opt/go/libexec/src/net/http/server.go:2166","message":"gettign all salad types on page 1"}
{"level":"info","time":"2024-10-22T18:18:43+03:00","caller":"/opt/homebrew/opt/go/libexec/src/net/http/server.go:2166","message":"getting recipe by salad id: fbabc2aa-cd4a-42b0-b68d-d3cf67fba06f"}
{"level":"info","time":"2024-10-22T18:18:43+03:00","caller":"/opt/homebrew/opt/go/libexec/src/net/http/server.go:2166","message":"getting recipe by salad id: c6361bba-465d-46ad-976c-c3eaf16bd640"}
{"level":"info","time":"2024-10-22T18:18:43+03:00","caller":"/opt/homebrew/opt/go/libexec/src/net/http/server.go:2166","message":"getting user by id: 02000000-0000-0000-0000-000000000000"}
{"level":"info","time":"2024-10-22T18:18:43+03:00","caller":"/Users/maximhalitov/Desktop/IU7/bmstu_test/backend/web/handlers.go:197","message":"getting all salads by filter: &{AvailableIngredients:[] MinRate:1 SaladTypes:[] Status:4}"}
{"level":"info","time":"2024-10-22T18:18:43+03:00","caller":"/opt/homebrew/opt/go/libexec/src/net/http/server.go:2166","message":"getting all ingredients on page: 1"}
{"level":"info","time":"2024-10-22T18:18:43+03:00","caller":"/opt/homebrew/opt/go/libexec/src/net/http/server.go:2166","message":"gettign all salad types on page 1"}
{"level":"info","time":"2024-10-22T18:18:43+03:00","caller":"/opt/homebrew/opt/go/libexec/src/net/http/server.go:2166","message":"getting recipe by salad id: fbabc2aa-cd4a-42b0-b68d-d3cf67fba06f"}
{"level":"info","time":"2024-10-22T18:18:43+03:00","caller":"/opt/homebrew/opt/go/libexec/src/net/http/server.go:2166","message":"getting recipe by salad id: c6361bba-465d-46ad-976c-c3eaf16bd640"}
{"level":"info","time":"2024-10-22T18:18:48+03:00","caller":"/Users/maximhalitov/Desktop/IU7/bmstu_test/backend/web/handlers.go:197","message":"getting all salads by filter: &{AvailableIngredients:[] MinRate:0 SaladTypes:[] Status:4}"}
{"level":"info","time":"2024-10-22T18:18:48+03:00","caller":"/opt/homebrew/opt/go/libexec/src/net/http/server.go:2166","message":"getting recipe by salad id: fbabc2aa-cd4a-42b0-b68d-d3cf67fba06f"}
{"level":"info","time":"2024-10-22T18:18:48+03:00","caller":"/opt/homebrew/opt/go/libexec/src/net/http/server.go:2166","message":"getting recipe by salad id: c6361bba-465d-46ad-976c-c3eaf16bd640"}
{"level":"info","time":"2024-10-22T18:18:48+03:00","caller":"/opt/homebrew/opt/go/libexec/src/net/http/server.go:2166","message":"getting recipe by salad id: 4be5f0c2-3df5-458c-a865-024c38385532"}
{"level":"info","time":"2024-10-22T18:18:48+03:00","caller":"/opt/homebrew/opt/go/libexec/src/net/http/server.go:2166","message":"getting recipe by salad id: b9f4e540-bf07-494d-9059-f0d961b9561e"}
{"level":"info","time":"2024-10-22T18:18:48+03:00","caller":"/opt/homebrew/opt/go/libexec/src/net/http/server.go:2166","message":"getting recipe by salad id: bb242ed5-e735-4897-b73d-71e7277c7701"}
{"level":"info","time":"2024-10-22T18:19:03+03:00","caller":"/Users/maximhalitov/Desktop/IU7/bmstu_test/backend/web/handlers.go:197","message":"getting all salads by filter: &{AvailableIngredients:[] MinRate:0 SaladTypes:[] Status:4}"}
{"level":"info","time":"2024-10-22T18:19:03+03:00","caller":"/opt/homebrew/opt/go/libexec/src/net/http/server.go:2166","message":"getting recipe by salad id: fbabc2aa-cd4a-42b0-b68d-d3cf67fba06f"}
{"level":"info","time":"2024-10-22T18:19:03+03:00","caller":"/opt/homebrew/opt/go/libexec/src/net/http/server.go:2166","message":"getting recipe by salad id: c6361bba-465d-46ad-976c-c3eaf16bd640"}
{"level":"info","time":"2024-10-22T18:19:03+03:00","caller":"/opt/homebrew/opt/go/libexec/src/net/http/server.go:2166","message":"getting recipe by salad id: 4be5f0c2-3df5-458c-a865-024c38385532"}
{"level":"info","time":"2024-10-22T18:19:03+03:00","caller":"/opt/homebrew/opt/go/libexec/src/net/http/server.go:2166","message":"getting recipe by salad id: b9f4e540-bf07-494d-9059-f0d961b9561e"}
{"level":"info","time":"2024-10-22T18:19:03+03:00","caller":"/opt/homebrew/opt/go/libexec/src/net/http/server.go:2166","message":"getting recipe by salad id: bb242ed5-e735-4897-b73d-71e7277c7701"}
{"level":"info","time":"2024-10-22T18:19:10+03:00","caller":"/Users/maximhalitov/Desktop/IU7/bmstu_test/backend/web/handlers.go:197","message":"getting all salads by filter: &{AvailableIngredients:[] MinRate:1 SaladTypes:[] Status:4}"}
{"level":"info","time":"2024-10-22T18:19:10+03:00","caller":"/opt/homebrew/opt/go/libexec/src/net/http/server.go:2166","message":"getting recipe by salad id: fbabc2aa-cd4a-42b0-b68d-d3cf67fba06f"}
{"level":"info","time":"2024-10-22T18:19:10+03:00","caller":"/opt/homebrew/opt/go/libexec/src/net/http/server.go:2166","message":"getting recipe by salad id: c6361bba-465d-46ad-976c-c3eaf16bd640"}
{"level":"info","time":"2024-10-22T18:59:04+03:00","caller":"/opt/homebrew/opt/go/libexec/src/net/http/server.go:2166","message":"getting user by id: 02000000-0000-0000-0000-000000000000"}
{"level":"info","time":"2024-10-22T18:59:04+03:00","caller":"/Users/maximhalitov/Desktop/IU7/bmstu_test/backend/web/handlers.go:197","message":"getting all salads by filter: &{AvailableIngredients:[] MinRate:1 SaladTypes:[] Status:4}"}
{"level":"info","time":"2024-10-22T18:59:04+03:00","caller":"/opt/homebrew/opt/go/libexec/src/net/http/server.go:2166","message":"getting all ingredients on page: 1"}
{"level":"info","time":"2024-10-22T18:59:04+03:00","caller":"/opt/homebrew/opt/go/libexec/src/net/http/server.go:2166","message":"gettign all salad types on page 1"}
{"level":"info","time":"2024-10-22T18:59:04+03:00","caller":"/opt/homebrew/opt/go/libexec/src/net/http/server.go:2166","message":"getting recipe by salad id: c6361bba-465d-46ad-976c-c3eaf16bd640"}
{"level":"info","time":"2024-10-22T18:59:04+03:00","caller":"/opt/homebrew/opt/go/libexec/src/net/http/server.go:2166","message":"getting recipe by salad id: fbabc2aa-cd4a-42b0-b68d-d3cf67fba06f"}
{"level":"info","time":"2024-10-22T18:59:07+03:00","caller":"/Users/maximhalitov/Desktop/IU7/bmstu_test/backend/web/handlers.go:197","message":"getting all salads by filter: &{AvailableIngredients:[] MinRate:0 SaladTypes:[] Status:4}"}
{"level":"info","time":"2024-10-22T18:59:07+03:00","caller":"/opt/homebrew/opt/go/libexec/src/net/http/server.go:2166","message":"getting recipe by salad id: fbabc2aa-cd4a-42b0-b68d-d3cf67fba06f"}
{"level":"info","time":"2024-10-22T18:59:07+03:00","caller":"/opt/homebrew/opt/go/libexec/src/net/http/server.go:2166","message":"getting recipe by salad id: c6361bba-465d-46ad-976c-c3eaf16bd640"}
{"level":"info","time":"2024-10-22T18:59:07+03:00","caller":"/opt/homebrew/opt/go/libexec/src/net/http/server.go:2166","message":"getting recipe by salad id: 4be5f0c2-3df5-458c-a865-024c38385532"}
{"level":"info","time":"2024-10-22T18:59:07+03:00","caller":"/opt/homebrew/opt/go/libexec/src/net/http/server.go:2166","message":"getting recipe by salad id: b9f4e540-bf07-494d-9059-f0d961b9561e"}
{"level":"info","time":"2024-10-22T18:59:07+03:00","caller":"/opt/homebrew/opt/go/libexec/src/net/http/server.go:2166","message":"getting recipe by salad id: bb242ed5-e735-4897-b73d-71e7277c7701"}
{"level":"info","time":"2024-10-22T18:59:53+03:00","caller":"/opt/homebrew/opt/go/libexec/src/net/http/server.go:2166","message":"login user with username: user"}
{"level":"info","time":"2024-10-22T18:59:53+03:00","caller":"/Users/maximhalitov/Desktop/IU7/bmstu_test/backend/web/handlers.go:197","message":"getting all salads by filter: &{AvailableIngredients:[] MinRate:1 SaladTypes:[] Status:4}"}
{"level":"info","time":"2024-10-22T18:59:53+03:00","caller":"/opt/homebrew/opt/go/libexec/src/net/http/server.go:2166","message":"getting all ingredients on page: 1"}
{"level":"info","time":"2024-10-22T18:59:53+03:00","caller":"/opt/homebrew/opt/go/libexec/src/net/http/server.go:2166","message":"gettign all salad types on page 1"}
{"level":"info","time":"2024-10-22T18:59:53+03:00","caller":"/opt/homebrew/opt/go/libexec/src/net/http/server.go:2166","message":"getting recipe by salad id: fbabc2aa-cd4a-42b0-b68d-d3cf67fba06f"}
{"level":"info","time":"2024-10-22T18:59:53+03:00","caller":"/opt/homebrew/opt/go/libexec/src/net/http/server.go:2166","message":"getting recipe by salad id: c6361bba-465d-46ad-976c-c3eaf16bd640"}
{"level":"info","time":"2024-10-22T18:59:53+03:00","caller":"/opt/homebrew/opt/go/libexec/src/net/http/server.go:2166","message":"getting user by id: 02000000-0000-0000-0000-000000000000"}
{"level":"info","time":"2024-10-22T18:59:53+03:00","caller":"/Users/maximhalitov/Desktop/IU7/bmstu_test/backend/web/handlers.go:197","message":"getting all salads by filter: &{AvailableIngredients:[] MinRate:1 SaladTypes:[] Status:4}"}
{"level":"info","time":"2024-10-22T18:59:53+03:00","caller":"/opt/homebrew/opt/go/libexec/src/net/http/server.go:2166","message":"getting all ingredients on page: 1"}
{"level":"info","time":"2024-10-22T18:59:53+03:00","caller":"/opt/homebrew/opt/go/libexec/src/net/http/server.go:2166","message":"gettign all salad types on page 1"}
{"level":"info","time":"2024-10-22T18:59:53+03:00","caller":"/opt/homebrew/opt/go/libexec/src/net/http/server.go:2166","message":"getting recipe by salad id: fbabc2aa-cd4a-42b0-b68d-d3cf67fba06f"}
{"level":"info","time":"2024-10-22T18:59:53+03:00","caller":"/opt/homebrew/opt/go/libexec/src/net/http/server.go:2166","message":"getting recipe by salad id: c6361bba-465d-46ad-976c-c3eaf16bd640"}
{"level":"info","time":"2024-10-22T18:59:57+03:00","caller":"/Users/maximhalitov/Desktop/IU7/bmstu_test/backend/web/handlers.go:197","message":"getting all salads by filter: &{AvailableIngredients:[] MinRate:0 SaladTypes:[] Status:4}"}
{"level":"info","time":"2024-10-22T18:59:57+03:00","caller":"/opt/homebrew/opt/go/libexec/src/net/http/server.go:2166","message":"getting recipe by salad id: fbabc2aa-cd4a-42b0-b68d-d3cf67fba06f"}
{"level":"info","time":"2024-10-22T18:59:57+03:00","caller":"/opt/homebrew/opt/go/libexec/src/net/http/server.go:2166","message":"getting recipe by salad id: c6361bba-465d-46ad-976c-c3eaf16bd640"}
{"level":"info","time":"2024-10-22T18:59:57+03:00","caller":"/opt/homebrew/opt/go/libexec/src/net/http/server.go:2166","message":"getting recipe by salad id: 4be5f0c2-3df5-458c-a865-024c38385532"}
{"level":"info","time":"2024-10-22T18:59:57+03:00","caller":"/opt/homebrew/opt/go/libexec/src/net/http/server.go:2166","message":"getting recipe by salad id: b9f4e540-bf07-494d-9059-f0d961b9561e"}
{"level":"info","time":"2024-10-22T18:59:57+03:00","caller":"/opt/homebrew/opt/go/libexec/src/net/http/server.go:2166","message":"getting recipe by salad id: bb242ed5-e735-4897-b73d-71e7277c7701"}
{"level":"info","time":"2024-10-22T19:00:31+03:00","caller":"/Users/maximhalitov/Desktop/IU7/bmstu_test/backend/web/handlers.go:197","message":"getting all salads by filter: &{AvailableIngredients:[] MinRate:0 SaladTypes:[] Status:4}"}
{"level":"info","time":"2024-10-22T19:00:31+03:00","caller":"/opt/homebrew/opt/go/libexec/src/net/http/server.go:2166","message":"getting recipe by salad id: fbabc2aa-cd4a-42b0-b68d-d3cf67fba06f"}
{"level":"info","time":"2024-10-22T19:00:31+03:00","caller":"/opt/homebrew/opt/go/libexec/src/net/http/server.go:2166","message":"getting recipe by salad id: c6361bba-465d-46ad-976c-c3eaf16bd640"}
{"level":"info","time":"2024-10-22T19:00:31+03:00","caller":"/opt/homebrew/opt/go/libexec/src/net/http/server.go:2166","message":"getting recipe by salad id: 4be5f0c2-3df5-458c-a865-024c38385532"}
{"level":"info","time":"2024-10-22T19:00:31+03:00","caller":"/opt/homebrew/opt/go/libexec/src/net/http/server.go:2166","message":"getting recipe by salad id: b9f4e540-bf07-494d-9059-f0d961b9561e"}
{"level":"info","time":"2024-10-22T19:00:31+03:00","caller":"/opt/homebrew/opt/go/libexec/src/net/http/server.go:2166","message":"getting recipe by salad id: bb242ed5-e735-4897-b73d-71e7277c7701"}
{"level":"info","time":"2024-10-22T19:00:46+03:00","caller":"/Users/maximhalitov/Desktop/IU7/bmstu_test/backend/web/handlers.go:351","message":"getting all salads by user id: 02000000-0000-0000-0000-000000000000"}
{"level":"info","time":"2024-10-22T19:00:46+03:00","caller":"/opt/homebrew/opt/go/libexec/src/net/http/server.go:2166","message":"getting recipe by salad id: fbabc2aa-cd4a-42b0-b68d-d3cf67fba06f"}
{"level":"info","time":"2024-10-22T19:00:46+03:00","caller":"/opt/homebrew/opt/go/libexec/src/net/http/server.go:2166","message":"getting recipe by salad id: 4be5f0c2-3df5-458c-a865-024c38385532"}
{"level":"info","time":"2024-10-22T19:00:48+03:00","caller":"/Users/maximhalitov/Desktop/IU7/bmstu_test/backend/web/handlers.go:422","message":"getting salad by id: fbabc2aa-cd4a-42b0-b68d-d3cf67fba06f"}
{"level":"info","time":"2024-10-22T19:00:48+03:00","caller":"/opt/homebrew/opt/go/libexec/src/net/http/server.go:2166","message":"gettign all salad types on page 1"}
{"level":"info","time":"2024-10-22T19:00:48+03:00","caller":"/opt/homebrew/opt/go/libexec/src/net/http/server.go:2166","message":"getting all ingredients on page: 1"}
{"level":"info","time":"2024-10-22T19:00:48+03:00","caller":"/opt/homebrew/opt/go/libexec/src/net/http/server.go:2166","message":"getting all measurements"}
{"level":"info","time":"2024-10-22T19:00:48+03:00","caller":"/opt/homebrew/opt/go/libexec/src/net/http/server.go:2166","message":"getting recipe by salad id: fbabc2aa-cd4a-42b0-b68d-d3cf67fba06f"}
{"level":"info","time":"2024-10-22T19:00:48+03:00","caller":"/opt/homebrew/opt/go/libexec/src/net/http/server.go:2166","message":"getting comment by salad id fbabc2aa-cd4a-42b0-b68d-d3cf67fba06f and user id 02000000-0000-0000-0000-000000000000"}
{"level":"info","time":"2024-10-22T19:00:48+03:00","caller":"/opt/homebrew/opt/go/libexec/src/net/http/server.go:2166","message":"getting salad types by salad id fbabc2aa-cd4a-42b0-b68d-d3cf67fba06f"}
{"level":"info","time":"2024-10-22T19:00:48+03:00","caller":"/opt/homebrew/opt/go/libexec/src/net/http/server.go:2166","message":"getting all comments by salad id fbabc2aa-cd4a-42b0-b68d-d3cf67fba06f"}
{"level":"info","time":"2024-10-22T19:00:48+03:00","caller":"/opt/homebrew/opt/go/libexec/src/net/http/server.go:2166","message":"getting user by id: 02000000-0000-0000-0000-000000000000"}
{"level":"info","time":"2024-10-22T19:00:48+03:00","caller":"/Users/maximhalitov/Desktop/IU7/bmstu_test/backend/web/handlers.go:499","message":"getting all recipe steps by recipeId: 01000000-0000-0000-0000-000000000000"}
{"level":"info","time":"2024-10-22T19:00:48+03:00","caller":"/opt/homebrew/opt/go/libexec/src/net/http/server.go:2166","message":"getting all ingredients by recipe id: 01000000-0000-0000-0000-000000000000"}
{"level":"info","time":"2024-10-22T19:00:48+03:00","caller":"/opt/homebrew/opt/go/libexec/src/net/http/server.go:2166","message":"getting ingredient type by id: 8780e5d3-62a2-4589-b17f-230147983daf"}
{"level":"info","time":"2024-10-22T19:00:48+03:00","caller":"/opt/homebrew/opt/go/libexec/src/net/http/server.go:2166","message":"getting measurement with recipe id: 01000000-0000-0000-0000-000000000000, ingredient id: f1fc4bfc-799c-4471-a971-1bb00f7dd30a"}
{"level":"info","time":"2024-10-22T19:00:49+03:00","caller":"/Users/maximhalitov/Desktop/IU7/bmstu_test/backend/web/middlewares.go:53","message":"UPDATING ROLE: user"}
{"level":"info","time":"2024-10-22T19:00:49+03:00","caller":"/opt/homebrew/opt/go/libexec/src/net/http/server.go:2166","message":"getting recipe by id: 01000000-0000-0000-0000-000000000000"}
{"level":"info","time":"2024-10-22T19:00:49+03:00","caller":"/Users/maximhalitov/Desktop/IU7/bmstu_test/backend/web/handlers.go:1183","message":"getting salad by id: fbabc2aa-cd4a-42b0-b68d-d3cf67fba06f"}
{"level":"info","time":"2024-10-22T19:00:49+03:00","caller":"/opt/homebrew/opt/go/libexec/src/net/http/server.go:2166","message":"updating recipe with id: 01000000-0000-0000-0000-000000000000"}
{"level":"info","time":"2024-10-22T19:00:49+03:00","caller":"/Users/maximhalitov/Desktop/IU7/bmstu_test/backend/web/handlers.go:351","message":"getting all salads by user id: 02000000-0000-0000-0000-000000000000"}
{"level":"info","time":"2024-10-22T19:00:49+03:00","caller":"/opt/homebrew/opt/go/libexec/src/net/http/server.go:2166","message":"getting recipe by salad id: fbabc2aa-cd4a-42b0-b68d-d3cf67fba06f"}
{"level":"info","time":"2024-10-22T19:00:49+03:00","caller":"/opt/homebrew/opt/go/libexec/src/net/http/server.go:2166","message":"getting recipe by salad id: 4be5f0c2-3df5-458c-a865-024c38385532"}
{"level":"info","time":"2024-10-22T19:01:30+03:00","caller":"/opt/homebrew/opt/go/libexec/src/net/http/server.go:2166","message":"getting user by id: 02000000-0000-0000-0000-000000000000"}
{"level":"info","time":"2024-10-22T19:01:30+03:00","caller":"/Users/maximhalitov/Desktop/IU7/bmstu_test/backend/web/handlers.go:197","message":"getting all salads by filter: &{AvailableIngredients:[] MinRate:1 SaladTypes:[] Status:4}"}
{"level":"info","time":"2024-10-22T19:01:30+03:00","caller":"/opt/homebrew/opt/go/libexec/src/net/http/server.go:2166","message":"getting all ingredients on page: 1"}
{"level":"info","time":"2024-10-22T19:01:30+03:00","caller":"/opt/homebrew/opt/go/libexec/src/net/http/server.go:2166","message":"gettign all salad types on page 1"}
{"level":"info","time":"2024-10-22T19:01:30+03:00","caller":"/opt/homebrew/opt/go/libexec/src/net/http/server.go:2166","message":"getting recipe by salad id: c6361bba-465d-46ad-976c-c3eaf16bd640"}
{"level":"info","time":"2024-10-22T19:01:34+03:00","caller":"/Users/maximhalitov/Desktop/IU7/bmstu_test/backend/web/handlers.go:197","message":"getting all salads by filter: &{AvailableIngredients:[] MinRate:0 SaladTypes:[] Status:4}"}
{"level":"info","time":"2024-10-22T19:01:34+03:00","caller":"/opt/homebrew/opt/go/libexec/src/net/http/server.go:2166","message":"getting recipe by salad id: c6361bba-465d-46ad-976c-c3eaf16bd640"}
{"level":"info","time":"2024-10-22T19:01:34+03:00","caller":"/opt/homebrew/opt/go/libexec/src/net/http/server.go:2166","message":"getting recipe by salad id: 4be5f0c2-3df5-458c-a865-024c38385532"}
{"level":"info","time":"2024-10-22T19:01:34+03:00","caller":"/opt/homebrew/opt/go/libexec/src/net/http/server.go:2166","message":"getting recipe by salad id: b9f4e540-bf07-494d-9059-f0d961b9561e"}
{"level":"info","time":"2024-10-22T19:01:34+03:00","caller":"/opt/homebrew/opt/go/libexec/src/net/http/server.go:2166","message":"getting recipe by salad id: bb242ed5-e735-4897-b73d-71e7277c7701"}
{"level":"info","time":"2024-10-22T19:03:36+03:00","caller":"/opt/homebrew/opt/go/libexec/src/net/http/server.go:2166","message":"getting user by id: 02000000-0000-0000-0000-000000000000"}
{"level":"info","time":"2024-10-22T19:03:36+03:00","caller":"/Users/maximhalitov/Desktop/IU7/bmstu_test/backend/web/handlers.go:197","message":"getting all salads by filter: &{AvailableIngredients:[] MinRate:1 SaladTypes:[] Status:4}"}
{"level":"info","time":"2024-10-22T19:03:36+03:00","caller":"/opt/homebrew/opt/go/libexec/src/net/http/server.go:2166","message":"getting all ingredients on page: 1"}
{"level":"info","time":"2024-10-22T19:03:36+03:00","caller":"/opt/homebrew/opt/go/libexec/src/net/http/server.go:2166","message":"gettign all salad types on page 1"}
{"level":"info","time":"2024-10-22T19:03:36+03:00","caller":"/opt/homebrew/opt/go/libexec/src/net/http/server.go:2166","message":"getting recipe by salad id: c6361bba-465d-46ad-976c-c3eaf16bd640"}
{"level":"info","time":"2024-10-22T19:03:39+03:00","caller":"/Users/maximhalitov/Desktop/IU7/bmstu_test/backend/web/handlers.go:197","message":"getting all salads by filter: &{AvailableIngredients:[] MinRate:0 SaladTypes:[] Status:4}"}
{"level":"info","time":"2024-10-22T19:03:39+03:00","caller":"/opt/homebrew/opt/go/libexec/src/net/http/server.go:2166","message":"getting recipe by salad id: c6361bba-465d-46ad-976c-c3eaf16bd640"}
{"level":"info","time":"2024-10-22T19:03:39+03:00","caller":"/opt/homebrew/opt/go/libexec/src/net/http/server.go:2166","message":"getting recipe by salad id: 4be5f0c2-3df5-458c-a865-024c38385532"}
{"level":"info","time":"2024-10-22T19:03:39+03:00","caller":"/opt/homebrew/opt/go/libexec/src/net/http/server.go:2166","message":"getting recipe by salad id: b9f4e540-bf07-494d-9059-f0d961b9561e"}
{"level":"info","time":"2024-10-22T19:03:39+03:00","caller":"/opt/homebrew/opt/go/libexec/src/net/http/server.go:2166","message":"getting recipe by salad id: bb242ed5-e735-4897-b73d-71e7277c7701"}
{"level":"info","time":"2024-10-22T19:03:48+03:00","caller":"/opt/homebrew/opt/go/libexec/src/net/http/server.go:2166","message":"getting user by id: 02000000-0000-0000-0000-000000000000"}
{"level":"error","time":"2024-10-22T19:03:48+03:00","caller":"/opt/homebrew/opt/go/libexec/src/net/http/server.go:2166","message":"getting user by id error: getting user by id: failed to connect to `user=user database=salads`:\n\t[::1]:5432 (localhost): dial error: dial tcp [::1]:5432: connect: connection refused\n\t127.0.0.1:5432 (localhost): dial error: dial tcp 127.0.0.1:5432: connect: connection refused\n\t[::1]:5432 (localhost): dial error: dial tcp [::1]:5432: connect: connection refused\n\t127.0.0.1:5432 (localhost): dial error: dial tcp 127.0.0.1:5432: connect: connection refused"}
{"level":"info","time":"2024-10-22T19:03:48+03:00","caller":"/Users/maximhalitov/Desktop/IU7/bmstu_test/backend/web/handlers.go:197","message":"getting all salads by filter: &{AvailableIngredients:[] MinRate:1 SaladTypes:[] Status:4}"}
{"level":"error","time":"2024-10-22T19:03:48+03:00","caller":"/Users/maximhalitov/Desktop/IU7/bmstu_test/backend/web/handlers.go:197","message":"getting salads by filter error: querying salads: failed to connect to `user=user database=salads`:\n\t[::1]:5432 (localhost): dial error: dial tcp [::1]:5432: connect: connection refused\n\t127.0.0.1:5432 (localhost): dial error: dial tcp 127.0.0.1:5432: connect: connection refused\n\t[::1]:5432 (localhost): dial error: dial tcp [::1]:5432: connect: connection refused\n\t127.0.0.1:5432 (localhost): dial error: dial tcp 127.0.0.1:5432: connect: connection refused"}
{"level":"info","time":"2024-10-22T19:03:48+03:00","caller":"/opt/homebrew/opt/go/libexec/src/net/http/server.go:2166","message":"getting all ingredients on page: 1"}
{"level":"info","time":"2024-10-22T19:03:48+03:00","caller":"/opt/homebrew/opt/go/libexec/src/net/http/server.go:2166","message":"gettign all salad types on page 1"}
{"level":"error","time":"2024-10-22T19:03:48+03:00","caller":"/opt/homebrew/opt/go/libexec/src/net/http/server.go:2166","message":"getting salad types error: getting all salad types: failed to connect to `user=user database=salads`:\n\t[::1]:5432 (localhost): dial error: dial tcp [::1]:5432: connect: connection refused\n\t127.0.0.1:5432 (localhost): dial error: dial tcp 127.0.0.1:5432: connect: connection refused\n\t[::1]:5432 (localhost): dial error: dial tcp [::1]:5432: connect: connection refused\n\t127.0.0.1:5432 (localhost): dial error: dial tcp 127.0.0.1:5432: connect: connection refused"}
{"level":"info","time":"2024-10-22T19:03:56+03:00","caller":"/opt/homebrew/opt/go/libexec/src/net/http/server.go:2166","message":"getting user by id: 02000000-0000-0000-0000-000000000000"}
{"level":"info","time":"2024-10-22T19:03:56+03:00","caller":"/Users/maximhalitov/Desktop/IU7/bmstu_test/backend/web/handlers.go:197","message":"getting all salads by filter: &{AvailableIngredients:[] MinRate:1 SaladTypes:[] Status:4}"}
{"level":"info","time":"2024-10-22T19:03:56+03:00","caller":"/opt/homebrew/opt/go/libexec/src/net/http/server.go:2166","message":"getting all ingredients on page: 1"}
{"level":"info","time":"2024-10-22T19:03:56+03:00","caller":"/opt/homebrew/opt/go/libexec/src/net/http/server.go:2166","message":"gettign all salad types on page 1"}
{"level":"info","time":"2024-10-22T19:03:56+03:00","caller":"/opt/homebrew/opt/go/libexec/src/net/http/server.go:2166","message":"getting recipe by salad id: c6361bba-465d-46ad-976c-c3eaf16bd640"}
{"level":"info","time":"2024-10-22T19:03:59+03:00","caller":"/Users/maximhalitov/Desktop/IU7/bmstu_test/backend/web/handlers.go:197","message":"getting all salads by filter: &{AvailableIngredients:[] MinRate:0 SaladTypes:[] Status:4}"}
{"level":"info","time":"2024-10-22T19:03:59+03:00","caller":"/opt/homebrew/opt/go/libexec/src/net/http/server.go:2166","message":"getting recipe by salad id: c6361bba-465d-46ad-976c-c3eaf16bd640"}
{"level":"info","time":"2024-10-22T19:03:59+03:00","caller":"/opt/homebrew/opt/go/libexec/src/net/http/server.go:2166","message":"getting recipe by salad id: 4be5f0c2-3df5-458c-a865-024c38385532"}
{"level":"info","time":"2024-10-22T19:03:59+03:00","caller":"/opt/homebrew/opt/go/libexec/src/net/http/server.go:2166","message":"getting recipe by salad id: b9f4e540-bf07-494d-9059-f0d961b9561e"}
{"level":"info","time":"2024-10-22T19:03:59+03:00","caller":"/opt/homebrew/opt/go/libexec/src/net/http/server.go:2166","message":"getting recipe by salad id: bb242ed5-e735-4897-b73d-71e7277c7701"}
{"level":"info","time":"2024-10-22T19:04:57+03:00","caller":"/opt/homebrew/opt/go/libexec/src/net/http/server.go:2166","message":"getting recipe by salad id: bb242ed5-e735-4897-b73d-71e7277c7701"}
{"level":"info","time":"2024-10-22T19:05:07+03:00","caller":"/Users/maximhalitov/Desktop/IU7/bmstu_test/backend/web/handlers.go:197","message":"getting all salads by filter: &{AvailableIngredients:[] MinRate:0 SaladTypes:[] Status:4}"}
{"level":"info","time":"2024-10-22T19:05:07+03:00","caller":"/opt/homebrew/opt/go/libexec/src/net/http/server.go:2166","message":"getting recipe by salad id: c6361bba-465d-46ad-976c-c3eaf16bd640"}
{"level":"info","time":"2024-10-22T19:05:07+03:00","caller":"/opt/homebrew/opt/go/libexec/src/net/http/server.go:2166","message":"getting recipe by salad id: 4be5f0c2-3df5-458c-a865-024c38385532"}
{"level":"info","time":"2024-10-22T19:05:07+03:00","caller":"/opt/homebrew/opt/go/libexec/src/net/http/server.go:2166","message":"getting recipe by salad id: b9f4e540-bf07-494d-9059-f0d961b9561e"}
{"level":"info","time":"2024-10-22T19:05:07+03:00","caller":"/opt/homebrew/opt/go/libexec/src/net/http/server.go:2166","message":"getting recipe by salad id: bb242ed5-e735-4897-b73d-71e7277c7701"}
{"level":"info","time":"2024-10-22T19:05:15+03:00","caller":"/Users/maximhalitov/Desktop/IU7/bmstu_test/backend/web/handlers.go:197","message":"getting all salads by filter: &{AvailableIngredients:[] MinRate:0 SaladTypes:[] Status:4}"}
{"level":"info","time":"2024-10-22T19:07:20+03:00","caller":"/opt/homebrew/opt/go/libexec/src/net/http/server.go:2166","message":"register user with username: test"}
{"level":"info","time":"2024-10-22T19:07:20+03:00","caller":"/Users/maximhalitov/Desktop/IU7/bmstu_test/backend/web/handlers.go:197","message":"getting all salads by filter: &{AvailableIngredients:[] MinRate:1 SaladTypes:[] Status:4}"}
{"level":"info","time":"2024-10-22T19:07:20+03:00","caller":"/opt/homebrew/opt/go/libexec/src/net/http/server.go:2166","message":"getting all ingredients on page: 1"}
{"level":"info","time":"2024-10-22T19:07:20+03:00","caller":"/opt/homebrew/opt/go/libexec/src/net/http/server.go:2166","message":"gettign all salad types on page 1"}
{"level":"info","time":"2024-10-22T19:07:20+03:00","caller":"/opt/homebrew/opt/go/libexec/src/net/http/server.go:2166","message":"getting recipe by salad id: c6361bba-465d-46ad-976c-c3eaf16bd640"}
{"level":"info","time":"2024-10-22T19:07:20+03:00","caller":"/opt/homebrew/opt/go/libexec/src/net/http/server.go:2166","message":"getting user by id: 012fc71a-d0fe-4578-a5b9-01506b505b9b"}
{"level":"info","time":"2024-10-22T19:07:20+03:00","caller":"/Users/maximhalitov/Desktop/IU7/bmstu_test/backend/web/handlers.go:197","message":"getting all salads by filter: &{AvailableIngredients:[] MinRate:1 SaladTypes:[] Status:4}"}
{"level":"info","time":"2024-10-22T19:07:20+03:00","caller":"/opt/homebrew/opt/go/libexec/src/net/http/server.go:2166","message":"getting all ingredients on page: 1"}
{"level":"info","time":"2024-10-22T19:07:20+03:00","caller":"/opt/homebrew/opt/go/libexec/src/net/http/server.go:2166","message":"gettign all salad types on page 1"}
{"level":"info","time":"2024-10-22T19:07:20+03:00","caller":"/opt/homebrew/opt/go/libexec/src/net/http/server.go:2166","message":"getting recipe by salad id: c6361bba-465d-46ad-976c-c3eaf16bd640"}
{"level":"info","time":"2024-10-22T19:07:43+03:00","caller":"/opt/homebrew/opt/go/libexec/src/net/http/server.go:2166","message":"getting user by id: 012fc71a-d0fe-4578-a5b9-01506b505b9b"}
{"level":"info","time":"2024-10-22T19:07:43+03:00","caller":"/opt/homebrew/opt/go/libexec/src/net/http/server.go:2166","message":"getting all ingredients on page: 1"}
{"level":"info","time":"2024-10-22T19:07:43+03:00","caller":"/Users/maximhalitov/Desktop/IU7/bmstu_test/backend/web/handlers.go:197","message":"getting all salads by filter: &{AvailableIngredients:[] MinRate:1 SaladTypes:[] Status:4}"}
{"level":"info","time":"2024-10-22T19:07:43+03:00","caller":"/opt/homebrew/opt/go/libexec/src/net/http/server.go:2166","message":"gettign all salad types on page 1"}
{"level":"info","time":"2024-10-22T19:07:45+03:00","caller":"/Users/maximhalitov/Desktop/IU7/bmstu_test/backend/web/handlers.go:197","message":"getting all salads by filter: &{AvailableIngredients:[] MinRate:0 SaladTypes:[] Status:4}"}
{"level":"info","time":"2024-10-22T19:08:01+03:00","caller":"/opt/homebrew/opt/go/libexec/src/net/http/server.go:2166","message":"login user with username: user"}
{"level":"info","time":"2024-10-22T19:08:01+03:00","caller":"/Users/maximhalitov/Desktop/IU7/bmstu_test/backend/web/handlers.go:197","message":"getting all salads by filter: &{AvailableIngredients:[] MinRate:1 SaladTypes:[] Status:4}"}
{"level":"info","time":"2024-10-22T19:08:01+03:00","caller":"/opt/homebrew/opt/go/libexec/src/net/http/server.go:2166","message":"getting all ingredients on page: 1"}
{"level":"info","time":"2024-10-22T19:08:01+03:00","caller":"/opt/homebrew/opt/go/libexec/src/net/http/server.go:2166","message":"gettign all salad types on page 1"}
{"level":"info","time":"2024-10-22T19:08:01+03:00","caller":"/opt/homebrew/opt/go/libexec/src/net/http/server.go:2166","message":"getting user by id: 02000000-0000-0000-0000-000000000000"}
{"level":"info","time":"2024-10-22T19:08:01+03:00","caller":"/Users/maximhalitov/Desktop/IU7/bmstu_test/backend/web/handlers.go:197","message":"getting all salads by filter: &{AvailableIngredients:[] MinRate:1 SaladTypes:[] Status:4}"}
{"level":"info","time":"2024-10-22T19:08:01+03:00","caller":"/opt/homebrew/opt/go/libexec/src/net/http/server.go:2166","message":"getting all ingredients on page: 1"}
{"level":"info","time":"2024-10-22T19:08:01+03:00","caller":"/opt/homebrew/opt/go/libexec/src/net/http/server.go:2166","message":"gettign all salad types on page 1"}
{"level":"info","time":"2024-10-22T19:08:02+03:00","caller":"/Users/maximhalitov/Desktop/IU7/bmstu_test/backend/web/handlers.go:351","message":"getting all salads by user id: 02000000-0000-0000-0000-000000000000"}
{"level":"info","time":"2024-10-22T19:08:04+03:00","caller":"/opt/homebrew/opt/go/libexec/src/net/http/server.go:2166","message":"getting user by id: 02000000-0000-0000-0000-000000000000"}
{"level":"info","time":"2024-10-22T19:08:04+03:00","caller":"/Users/maximhalitov/Desktop/IU7/bmstu_test/backend/web/handlers.go:351","message":"getting all salads by user id: 02000000-0000-0000-0000-000000000000"}
