{"level":"info","time":"2024-05-27T10:33:18+03:00","caller":"/Users/maximhalitov/go/pkg/mod/github.com/rivo/tview@v0.0.0-20240413115534-b0d41c484b95/button.go:173","message":"login user with username: user"}
{"level":"info","time":"2024-05-27T10:33:28+03:00","caller":"/Users/maximhalitov/go/pkg/mod/github.com/rivo/tview@v0.0.0-20240413115534-b0d41c484b95/button.go:173","message":"login user with username: admin"}
{"level":"info","time":"2024-05-27T10:33:51+03:00","caller":"/Users/maximhalitov/go/pkg/mod/github.com/rivo/tview@v0.0.0-20240413115534-b0d41c484b95/button.go:173","message":"login user with username: user"}
{"level":"warn","time":"2024-05-27T10:33:51+03:00","caller":"/Users/maximhalitov/go/pkg/mod/github.com/rivo/tview@v0.0.0-20240413115534-b0d41c484b95/button.go:173","message":"login user: invalid password"}
{"level":"warn","time":"2024-05-27T10:35:53+03:00","caller":"/Users/maximhalitov/go/pkg/mod/github.com/rivo/tview@v0.0.0-20240413115534-b0d41c484b95/button.go:173","message":"login user: invalid password"}
{"level":"info","time":"2024-05-27T10:39:56+03:00","caller":"/Users/maximhalitov/Desktop/IU7/ppo/backend/console/app/app.go:309","message":"getting all salads by filter: &{AvailableIngredients:[] MinRate:0 SaladTypes:[] Status:4}"}
{"level":"info","time":"2024-05-27T13:07:34+03:00","caller":"/Users/maximhalitov/go/pkg/mod/github.com/rivo/tview@v0.0.0-20240413115534-b0d41c484b95/button.go:173","message":"login user with username: user"}
{"level":"info","time":"2024-05-29T08:43:03+03:00","caller":"/Users/maximhalitov/go/pkg/mod/github.com/rivo/tview@v0.0.0-20240413115534-b0d41c484b95/button.go:173","message":"register user with username: user"}
{"level":"info","time":"2024-05-29T08:43:03+03:00","caller":"/Users/maximhalitov/go/pkg/mod/github.com/rivo/tview@v0.0.0-20240413115534-b0d41c484b95/button.go:173","message":"getting user by username: user"}
{"level":"info","time":"2024-05-29T09:54:50+03:00","caller":"/Users/maximhalitov/go/pkg/mod/github.com/rivo/tview@v0.0.0-20240413115534-b0d41c484b95/button.go:173","message":"register user with username: admin"}
{"level":"info","time":"2024-05-29T09:54:50+03:00","caller":"/Users/maximhalitov/go/pkg/mod/github.com/rivo/tview@v0.0.0-20240413115534-b0d41c484b95/button.go:173","message":"getting user by username: admin"}
{"level":"info","time":"2024-05-29T12:39:44+03:00","caller":"/Users/maximhalitov/go/pkg/mod/github.com/rivo/tview@v0.0.0-20240413115534-b0d41c484b95/button.go:173","message":"register user with username: user"}
{"level":"info","time":"2024-05-29T12:39:44+03:00","caller":"/Users/maximhalitov/go/pkg/mod/github.com/rivo/tview@v0.0.0-20240413115534-b0d41c484b95/button.go:173","message":"getting user by username: user"}
{"level":"info","time":"2024-05-29T12:39:50+03:00","caller":"/Users/maximhalitov/Desktop/IU7/ppo/backend/console/app/app.go:312","message":"getting all salads by filter: &{AvailableIngredients:[] MinRate:0 SaladTypes:[] Status:4}"}
{"level":"info","time":"2024-05-29T12:39:57+03:00","caller":"/Users/maximhalitov/go/pkg/mod/github.com/rivo/tview@v0.0.0-20240413115534-b0d41c484b95/button.go:200","message":"getting user by id: e11d356c-0ce8-4813-9e32-62288776b317"}
{"level":"info","time":"2024-05-29T12:39:57+03:00","caller":"/Users/maximhalitov/Desktop/IU7/ppo/backend/console/app/app.go:611","message":"Salad created: &{ID:00000000-0000-0000-0000-000000000000 AuthorID:e11d356c-0ce8-4813-9e32-62288776b317 Name:Salad Description:Description}"}
{"level":"info","time":"2024-05-29T12:39:57+03:00","caller":"/Users/maximhalitov/go/pkg/mod/github.com/rivo/tview@v0.0.0-20240413115534-b0d41c484b95/button.go:200","message":"create recipe ща salad: f1899f46-212a-46f1-8a4a-8d4995c53283"}
{"level":"error","time":"2024-05-29T12:39:57+03:00","caller":"/Users/maximhalitov/go/pkg/mod/github.com/rivo/tview@v0.0.0-20240413115534-b0d41c484b95/button.go:200","message":"creating recipe error: creating recipe: ERROR: insert or update on table \"recipe\" violates foreign key constraint \"recipe_status_fkey\" (SQLSTATE 23503)"}
{"level":"info","time":"2024-05-29T12:40:10+03:00","caller":"/Users/maximhalitov/go/pkg/mod/github.com/rivo/tview@v0.0.0-20240413115534-b0d41c484b95/button.go:200","message":"getting user by id: e11d356c-0ce8-4813-9e32-62288776b317"}
{"level":"info","time":"2024-05-29T12:40:10+03:00","caller":"/Users/maximhalitov/Desktop/IU7/ppo/backend/console/app/app.go:611","message":"Salad created: &{ID:f1899f46-212a-46f1-8a4a-8d4995c53283 AuthorID:e11d356c-0ce8-4813-9e32-62288776b317 Name:Salad Description:Description}"}
{"level":"info","time":"2024-05-29T12:40:10+03:00","caller":"/Users/maximhalitov/go/pkg/mod/github.com/rivo/tview@v0.0.0-20240413115534-b0d41c484b95/button.go:200","message":"create recipe ща salad: 44b85516-7001-4f6d-b64b-3ea39b062d25"}
{"level":"error","time":"2024-05-29T12:40:10+03:00","caller":"/Users/maximhalitov/go/pkg/mod/github.com/rivo/tview@v0.0.0-20240413115534-b0d41c484b95/button.go:200","message":"creating recipe error: creating recipe: ERROR: insert or update on table \"recipe\" violates foreign key constraint \"recipe_status_fkey\" (SQLSTATE 23503)"}
{"level":"info","time":"2024-05-29T12:40:26+03:00","caller":"/Users/maximhalitov/go/pkg/mod/github.com/rivo/tview@v0.0.0-20240413115534-b0d41c484b95/button.go:173","message":"login user with username: user"}
{"level":"info","time":"2024-05-29T18:17:05+03:00","caller":"/Users/maximhalitov/go/pkg/mod/github.com/rivo/tview@v0.0.0-20240413115534-b0d41c484b95/button.go:173","message":"login user with username: user"}
{"level":"info","time":"2024-05-29T19:12:39+03:00","caller":"/Users/maximhalitov/go/pkg/mod/github.com/rivo/tview@v0.0.0-20240413115534-b0d41c484b95/button.go:173","message":"login user with username: user"}
{"level":"info","time":"2024-05-29T19:12:42+03:00","caller":"/Users/maximhalitov/Desktop/IU7/ppo/backend/console/app/app.go:312","message":"getting all salads by filter: &{AvailableIngredients:[] MinRate:0 SaladTypes:[] Status:4}"}
{"level":"info","time":"2024-05-29T19:12:45+03:00","caller":"/Users/maximhalitov/go/pkg/mod/github.com/rivo/tview@v0.0.0-20240413115534-b0d41c484b95/list.go:613","message":"getting recipe by salad id: 65dbfbea-a0e5-4b2a-a45e-de7c46362a5e"}
{"level":"info","time":"2024-05-29T19:12:45+03:00","caller":"/Users/maximhalitov/Desktop/IU7/ppo/backend/console/app/app.go:473","message":"getting salad types by salad id 65dbfbea-a0e5-4b2a-a45e-de7c46362a5e"}
{"level":"error","time":"2024-05-29T19:12:45+03:00","caller":"/Users/maximhalitov/Desktop/IU7/ppo/backend/console/app/app.go:473","message":"getting salad types error: scanning salad types: can't scan into dest[2]: cannot scan NULL into *string"}
{"level":"info","time":"2024-05-29T19:12:45+03:00","caller":"/Users/maximhalitov/Desktop/IU7/ppo/backend/console/app/app.go:473","message":"getting all ingredients by recipe id: 05000000-0000-0000-0000-000000000000"}
{"level":"info","time":"2024-05-29T19:12:45+03:00","caller":"/Users/maximhalitov/Desktop/IU7/ppo/backend/console/app/app.go:431","message":"getting all recipe steps by recipeId: 05000000-0000-0000-0000-000000000000"}
{"level":"info","time":"2024-06-11T21:13:47+03:00","caller":"/Users/maximhalitov/go/pkg/mod/github.com/rivo/tview@v0.0.0-20240413115534-b0d41c484b95/button.go:173","message":"login user with username: user"}
{"level":"info","time":"2024-06-11T21:13:50+03:00","caller":"/Users/maximhalitov/Desktop/IU7/ppo/backend/console/app/app.go:312","message":"getting all salads by filter: &{AvailableIngredients:[] MinRate:0 SaladTypes:[] Status:4}"}
{"level":"info","time":"2024-06-11T21:13:54+03:00","caller":"/Users/maximhalitov/go/pkg/mod/github.com/rivo/tview@v0.0.0-20240413115534-b0d41c484b95/list.go:613","message":"getting recipe by salad id: fbabc2aa-cd4a-42b0-b68d-d3cf67fba06f"}
{"level":"info","time":"2024-06-11T21:13:54+03:00","caller":"/Users/maximhalitov/Desktop/IU7/ppo/backend/console/app/app.go:473","message":"getting salad types by salad id fbabc2aa-cd4a-42b0-b68d-d3cf67fba06f"}
{"level":"info","time":"2024-06-11T21:13:54+03:00","caller":"/Users/maximhalitov/Desktop/IU7/ppo/backend/console/app/app.go:473","message":"getting all ingredients by recipe id: 01000000-0000-0000-0000-000000000000"}
{"level":"info","time":"2024-06-11T21:13:54+03:00","caller":"/Users/maximhalitov/Desktop/IU7/ppo/backend/console/app/app.go:431","message":"getting all recipe steps by recipeId: 01000000-0000-0000-0000-000000000000"}
{"level":"info","time":"2024-06-14T12:02:11+03:00","caller":"/Users/maximhalitov/go/pkg/mod/github.com/rivo/tview@v0.0.0-20240413115534-b0d41c484b95/button.go:173","message":"login user with username: user"}
{"level":"info","time":"2024-06-14T12:02:11+03:00","caller":"/Users/maximhalitov/Desktop/IU7/ppo/backend/console/app/app.go:939","message":"getting user by id: 00000000-0000-0000-0000-000000000000"}
{"level":"error","time":"2024-06-14T12:02:11+03:00","caller":"/Users/maximhalitov/Desktop/IU7/ppo/backend/console/app/app.go:939","message":"getting user by id error: getting user by id: no rows in result set"}
{"level":"info","time":"2024-06-14T12:02:19+03:00","caller":"/Users/maximhalitov/go/pkg/mod/github.com/rivo/tview@v0.0.0-20240413115534-b0d41c484b95/button.go:173","message":"login user with username: user"}
{"level":"info","time":"2024-06-14T12:02:22+03:00","caller":"/Users/maximhalitov/Desktop/IU7/ppo/backend/console/app/app.go:312","message":"getting all salads by filter: &{AvailableIngredients:[] MinRate:0 SaladTypes:[] Status:4}"}
{"level":"info","time":"2024-06-14T12:02:32+03:00","caller":"/Users/maximhalitov/Desktop/IU7/ppo/backend/console/app/app.go:312","message":"getting all salads by filter: &{AvailableIngredients:[] MinRate:0 SaladTypes:[] Status:4}"}
{"level":"info","time":"2024-06-14T12:02:37+03:00","caller":"/Users/maximhalitov/go/pkg/mod/github.com/rivo/tview@v0.0.0-20240413115534-b0d41c484b95/list.go:613","message":"getting recipe by salad id: fbabc2aa-cd4a-42b0-b68d-d3cf67fba06f"}
{"level":"info","time":"2024-06-14T12:02:37+03:00","caller":"/Users/maximhalitov/Desktop/IU7/ppo/backend/console/app/app.go:473","message":"getting salad types by salad id fbabc2aa-cd4a-42b0-b68d-d3cf67fba06f"}
{"level":"info","time":"2024-06-14T12:02:37+03:00","caller":"/Users/maximhalitov/Desktop/IU7/ppo/backend/console/app/app.go:473","message":"getting all ingredients by recipe id: 01000000-0000-0000-0000-000000000000"}
{"level":"info","time":"2024-06-14T12:02:37+03:00","caller":"/Users/maximhalitov/Desktop/IU7/ppo/backend/console/app/app.go:431","message":"getting all recipe steps by recipeId: 01000000-0000-0000-0000-000000000000"}
{"level":"info","time":"2024-06-14T12:03:00+03:00","caller":"/Users/maximhalitov/go/pkg/mod/github.com/rivo/tview@v0.0.0-20240413115534-b0d41c484b95/button.go:200","message":"getting user by id: 00000000-0000-0000-0000-000000000000"}
{"level":"error","time":"2024-06-14T12:03:00+03:00","caller":"/Users/maximhalitov/go/pkg/mod/github.com/rivo/tview@v0.0.0-20240413115534-b0d41c484b95/button.go:200","message":"getting user by id error: getting user by id: no rows in result set"}
{"level":"info","time":"2024-06-14T12:04:01+03:00","caller":"/Users/maximhalitov/Desktop/IU7/ppo/backend/console/app/app.go:312","message":"getting all salads by filter: &{AvailableIngredients:[] MinRate:0 SaladTypes:[] Status:4}"}
{"level":"info","time":"2024-06-14T12:04:02+03:00","caller":"/Users/maximhalitov/go/pkg/mod/github.com/rivo/tview@v0.0.0-20240413115534-b0d41c484b95/list.go:613","message":"getting recipe by salad id: fbabc2aa-cd4a-42b0-b68d-d3cf67fba06f"}
{"level":"info","time":"2024-06-14T12:04:02+03:00","caller":"/Users/maximhalitov/Desktop/IU7/ppo/backend/console/app/app.go:473","message":"getting salad types by salad id fbabc2aa-cd4a-42b0-b68d-d3cf67fba06f"}
{"level":"info","time":"2024-06-14T12:04:02+03:00","caller":"/Users/maximhalitov/Desktop/IU7/ppo/backend/console/app/app.go:473","message":"getting all ingredients by recipe id: 01000000-0000-0000-0000-000000000000"}
{"level":"info","time":"2024-06-14T12:04:02+03:00","caller":"/Users/maximhalitov/Desktop/IU7/ppo/backend/console/app/app.go:431","message":"getting all recipe steps by recipeId: 01000000-0000-0000-0000-000000000000"}
{"level":"info","time":"2024-06-14T12:04:06+03:00","caller":"/Users/maximhalitov/Desktop/IU7/ppo/backend/console/app/app.go:373","message":"getting all ingredients on page: 1"}
{"level":"info","time":"2024-06-14T12:04:08+03:00","caller":"/Users/maximhalitov/Desktop/IU7/ppo/backend/console/app/app.go:381","message":"gettign all salad types on page 1"}
{"level":"info","time":"2024-06-14T12:04:11+03:00","caller":"/Users/maximhalitov/Desktop/IU7/ppo/backend/console/app/app.go:373","message":"getting all ingredients on page: 1"}
{"level":"info","time":"2024-06-14T12:04:23+03:00","caller":"/Users/maximhalitov/Desktop/IU7/ppo/backend/console/app/app.go:373","message":"getting all ingredients on page: 1"}
{"level":"info","time":"2024-06-14T12:04:35+03:00","caller":"/Users/maximhalitov/Desktop/IU7/ppo/backend/console/app/app.go:312","message":"getting all salads by filter: &{AvailableIngredients:[f1fc4bfc-799c-4471-a971-1bb00f7dd30a] MinRate:0 SaladTypes:[] Status:4}"}
{"level":"info","time":"2024-06-14T12:04:36+03:00","caller":"/Users/maximhalitov/go/pkg/mod/github.com/rivo/tview@v0.0.0-20240413115534-b0d41c484b95/list.go:613","message":"getting recipe by salad id: fbabc2aa-cd4a-42b0-b68d-d3cf67fba06f"}
{"level":"info","time":"2024-06-14T12:04:36+03:00","caller":"/Users/maximhalitov/Desktop/IU7/ppo/backend/console/app/app.go:473","message":"getting salad types by salad id fbabc2aa-cd4a-42b0-b68d-d3cf67fba06f"}
{"level":"info","time":"2024-06-14T12:04:36+03:00","caller":"/Users/maximhalitov/Desktop/IU7/ppo/backend/console/app/app.go:473","message":"getting all ingredients by recipe id: 01000000-0000-0000-0000-000000000000"}
{"level":"info","time":"2024-06-14T12:04:36+03:00","caller":"/Users/maximhalitov/Desktop/IU7/ppo/backend/console/app/app.go:431","message":"getting all recipe steps by recipeId: 01000000-0000-0000-0000-000000000000"}
{"level":"info","time":"2024-06-14T12:04:52+03:00","caller":"/Users/maximhalitov/go/pkg/mod/github.com/rivo/tview@v0.0.0-20240413115534-b0d41c484b95/button.go:173","message":"register user with username: user1"}
{"level":"warn","time":"2024-06-14T12:04:52+03:00","caller":"/Users/maximhalitov/go/pkg/mod/github.com/rivo/tview@v0.0.0-20240413115534-b0d41c484b95/button.go:173","message":"register user: invalid email (mail: missing '@' or angle-addr)"}
{"level":"info","time":"2024-06-14T12:04:57+03:00","caller":"/Users/maximhalitov/go/pkg/mod/github.com/rivo/tview@v0.0.0-20240413115534-b0d41c484b95/button.go:173","message":"register user with username: user1"}
{"level":"info","time":"2024-06-14T12:04:57+03:00","caller":"/Users/maximhalitov/go/pkg/mod/github.com/rivo/tview@v0.0.0-20240413115534-b0d41c484b95/button.go:173","message":"getting user by username: user1"}
{"level":"info","time":"2024-06-14T12:05:00+03:00","caller":"/Users/maximhalitov/Desktop/IU7/ppo/backend/console/app/app.go:939","message":"getting user by id: a4d91457-c9ba-4668-82f1-34c77dec1c0a"}
{"level":"info","time":"2024-06-14T12:05:00+03:00","caller":"/Users/maximhalitov/Desktop/IU7/ppo/backend/console/app/app.go:527","message":"getting all salads rated by user with id: a4d91457-c9ba-4668-82f1-34c77dec1c0a"}
{"level":"info","time":"2024-06-14T12:05:07+03:00","caller":"/Users/maximhalitov/Desktop/IU7/ppo/backend/console/app/app.go:312","message":"getting all salads by filter: &{AvailableIngredients:[] MinRate:0 SaladTypes:[] Status:4}"}
{"level":"info","time":"2024-06-14T12:05:18+03:00","caller":"/Users/maximhalitov/go/pkg/mod/github.com/rivo/tview@v0.0.0-20240413115534-b0d41c484b95/button.go:173","message":"getting user by id: a4d91457-c9ba-4668-82f1-34c77dec1c0a"}
{"level":"info","time":"2024-06-14T12:05:18+03:00","caller":"/Users/maximhalitov/go/pkg/mod/github.com/rivo/tview@v0.0.0-20240413115534-b0d41c484b95/button.go:173","message":"creating comment by a4d91457-c9ba-4668-82f1-34c77dec1c0a to salad 22461d4d-3001-4560-8568-aca26b792dbb"}
{"level":"info","time":"2024-06-14T12:05:22+03:00","caller":"/Users/maximhalitov/go/pkg/mod/github.com/rivo/tview@v0.0.0-20240413115534-b0d41c484b95/button.go:173","message":"getting user by id: a4d91457-c9ba-4668-82f1-34c77dec1c0a"}
{"level":"info","time":"2024-06-14T12:05:22+03:00","caller":"/Users/maximhalitov/go/pkg/mod/github.com/rivo/tview@v0.0.0-20240413115534-b0d41c484b95/button.go:173","message":"creating comment by a4d91457-c9ba-4668-82f1-34c77dec1c0a to salad 22461d4d-3001-4560-8568-aca26b792dbb"}
{"level":"error","time":"2024-06-14T12:05:22+03:00","caller":"/Users/maximhalitov/go/pkg/mod/github.com/rivo/tview@v0.0.0-20240413115534-b0d41c484b95/button.go:173","message":"creating comment: creating comment: ERROR: duplicate key value violates unique constraint \"comment_author_salad_key\" (SQLSTATE 23505)"}
{"level":"info","time":"2024-06-14T12:05:26+03:00","caller":"/Users/maximhalitov/Desktop/IU7/ppo/backend/console/app/app.go:939","message":"getting user by id: a4d91457-c9ba-4668-82f1-34c77dec1c0a"}
{"level":"info","time":"2024-06-14T12:05:26+03:00","caller":"/Users/maximhalitov/Desktop/IU7/ppo/backend/console/app/app.go:527","message":"getting all salads rated by user with id: a4d91457-c9ba-4668-82f1-34c77dec1c0a"}
{"level":"info","time":"2024-06-14T12:05:42+03:00","caller":"/Users/maximhalitov/go/pkg/mod/github.com/rivo/tview@v0.0.0-20240413115534-b0d41c484b95/button.go:173","message":"login user with username: user"}
{"level":"info","time":"2024-06-14T12:05:43+03:00","caller":"/Users/maximhalitov/Desktop/IU7/ppo/backend/console/app/app.go:939","message":"getting user by id: 00000000-0000-0000-0000-000000000000"}
{"level":"error","time":"2024-06-14T12:05:43+03:00","caller":"/Users/maximhalitov/Desktop/IU7/ppo/backend/console/app/app.go:939","message":"getting user by id error: getting user by id: no rows in result set"}
{"level":"info","time":"2024-06-14T12:06:12+03:00","caller":"/Users/maximhalitov/go/pkg/mod/github.com/rivo/tview@v0.0.0-20240413115534-b0d41c484b95/button.go:173","message":"login user with username: user"}
{"level":"info","time":"2024-06-14T12:06:13+03:00","caller":"/Users/maximhalitov/Desktop/IU7/ppo/backend/console/app/app.go:939","message":"getting user by id: 00000000-0000-0000-0000-000000000000"}
{"level":"error","time":"2024-06-14T12:06:13+03:00","caller":"/Users/maximhalitov/Desktop/IU7/ppo/backend/console/app/app.go:939","message":"getting user by id error: getting user by id: no rows in result set"}
{"level":"info","time":"2024-06-14T12:06:36+03:00","caller":"/Users/maximhalitov/go/pkg/mod/github.com/rivo/tview@v0.0.0-20240413115534-b0d41c484b95/button.go:173","message":"register user with username: user1"}
{"level":"info","time":"2024-06-14T12:06:36+03:00","caller":"/Users/maximhalitov/go/pkg/mod/github.com/rivo/tview@v0.0.0-20240413115534-b0d41c484b95/button.go:173","message":"getting user by username: user1"}
{"level":"info","time":"2024-06-14T12:06:37+03:00","caller":"/Users/maximhalitov/Desktop/IU7/ppo/backend/console/app/app.go:939","message":"getting user by id: 1c08df32-ac07-4c46-8a7b-59a21c980c74"}
{"level":"info","time":"2024-06-14T12:06:37+03:00","caller":"/Users/maximhalitov/Desktop/IU7/ppo/backend/console/app/app.go:527","message":"getting all salads rated by user with id: 1c08df32-ac07-4c46-8a7b-59a21c980c74"}
{"level":"info","time":"2024-06-14T12:06:50+03:00","caller":"/Users/maximhalitov/go/pkg/mod/github.com/rivo/tview@v0.0.0-20240413115534-b0d41c484b95/button.go:173","message":"login user with username: user1"}
{"level":"info","time":"2024-06-14T12:06:51+03:00","caller":"/Users/maximhalitov/Desktop/IU7/ppo/backend/console/app/app.go:939","message":"getting user by id: 00000000-0000-0000-0000-000000000000"}
{"level":"error","time":"2024-06-14T12:06:51+03:00","caller":"/Users/maximhalitov/Desktop/IU7/ppo/backend/console/app/app.go:939","message":"getting user by id error: getting user by id: no rows in result set"}
{"level":"info","time":"2024-06-14T12:08:44+03:00","caller":"/Users/maximhalitov/go/pkg/mod/github.com/rivo/tview@v0.0.0-20240413115534-b0d41c484b95/button.go:173","message":"login user with username: user"}
{"level":"info","time":"2024-06-14T12:08:45+03:00","caller":"/Users/maximhalitov/Desktop/IU7/ppo/backend/console/app/app.go:939","message":"getting user by id: 02000000-0000-0000-0000-000000000000"}
{"level":"info","time":"2024-06-14T12:08:45+03:00","caller":"/Users/maximhalitov/Desktop/IU7/ppo/backend/console/app/app.go:527","message":"getting all salads rated by user with id: 02000000-0000-0000-0000-000000000000"}
{"level":"info","time":"2024-06-14T12:08:52+03:00","caller":"/Users/maximhalitov/Desktop/IU7/ppo/backend/console/app/app.go:312","message":"getting all salads by filter: &{AvailableIngredients:[] MinRate:0 SaladTypes:[] Status:4}"}
{"level":"info","time":"2024-06-14T12:09:02+03:00","caller":"/Users/maximhalitov/Desktop/IU7/ppo/backend/console/app/app.go:312","message":"getting all salads by filter: &{AvailableIngredients:[] MinRate:0 SaladTypes:[] Status:4}"}
{"level":"info","time":"2024-06-14T12:09:05+03:00","caller":"/Users/maximhalitov/go/pkg/mod/github.com/rivo/tview@v0.0.0-20240413115534-b0d41c484b95/button.go:173","message":"getting user by id: 02000000-0000-0000-0000-000000000000"}
{"level":"info","time":"2024-06-14T12:09:05+03:00","caller":"/Users/maximhalitov/go/pkg/mod/github.com/rivo/tview@v0.0.0-20240413115534-b0d41c484b95/button.go:173","message":"creating comment by 02000000-0000-0000-0000-000000000000 to salad fbabc2aa-cd4a-42b0-b68d-d3cf67fba06f"}
{"level":"info","time":"2024-06-14T12:09:05+03:00","caller":"/Users/maximhalitov/go/pkg/mod/github.com/rivo/tview@v0.0.0-20240413115534-b0d41c484b95/button.go:173","message":"getting user by id: 02000000-0000-0000-0000-000000000000"}
{"level":"info","time":"2024-06-14T12:09:05+03:00","caller":"/Users/maximhalitov/go/pkg/mod/github.com/rivo/tview@v0.0.0-20240413115534-b0d41c484b95/button.go:173","message":"creating comment by 02000000-0000-0000-0000-000000000000 to salad fbabc2aa-cd4a-42b0-b68d-d3cf67fba06f"}
{"level":"error","time":"2024-06-14T12:09:05+03:00","caller":"/Users/maximhalitov/go/pkg/mod/github.com/rivo/tview@v0.0.0-20240413115534-b0d41c484b95/button.go:173","message":"creating comment: creating comment: ERROR: duplicate key value violates unique constraint \"comment_author_salad_key\" (SQLSTATE 23505)"}
{"level":"info","time":"2024-06-14T12:09:09+03:00","caller":"/Users/maximhalitov/Desktop/IU7/ppo/backend/console/app/app.go:939","message":"getting user by id: 02000000-0000-0000-0000-000000000000"}
{"level":"info","time":"2024-06-14T12:09:09+03:00","caller":"/Users/maximhalitov/Desktop/IU7/ppo/backend/console/app/app.go:527","message":"getting all salads rated by user with id: 02000000-0000-0000-0000-000000000000"}
{"level":"info","time":"2024-06-14T12:09:11+03:00","caller":"/Users/maximhalitov/go/pkg/mod/github.com/rivo/tview@v0.0.0-20240413115534-b0d41c484b95/list.go:613","message":"getting recipe by salad id: fbabc2aa-cd4a-42b0-b68d-d3cf67fba06f"}
{"level":"info","time":"2024-06-14T12:09:11+03:00","caller":"/Users/maximhalitov/Desktop/IU7/ppo/backend/console/app/app.go:473","message":"getting salad types by salad id fbabc2aa-cd4a-42b0-b68d-d3cf67fba06f"}
{"level":"info","time":"2024-06-14T12:09:11+03:00","caller":"/Users/maximhalitov/Desktop/IU7/ppo/backend/console/app/app.go:473","message":"getting all ingredients by recipe id: 01000000-0000-0000-0000-000000000000"}
{"level":"info","time":"2024-06-14T12:09:11+03:00","caller":"/Users/maximhalitov/Desktop/IU7/ppo/backend/console/app/app.go:431","message":"getting all recipe steps by recipeId: 01000000-0000-0000-0000-000000000000"}
{"level":"info","time":"2024-06-14T12:09:23+03:00","caller":"/Users/maximhalitov/go/pkg/mod/github.com/rivo/tview@v0.0.0-20240413115534-b0d41c484b95/button.go:200","message":"getting user by id: 02000000-0000-0000-0000-000000000000"}
{"level":"info","time":"2024-06-14T12:09:23+03:00","caller":"/Users/maximhalitov/Desktop/IU7/ppo/backend/console/app/app.go:611","message":"Salad created: &{ID:00000000-0000-0000-0000-000000000000 AuthorID:02000000-0000-0000-0000-000000000000 Name:Salad Description:Description}"}
{"level":"info","time":"2024-06-14T12:09:23+03:00","caller":"/Users/maximhalitov/go/pkg/mod/github.com/rivo/tview@v0.0.0-20240413115534-b0d41c484b95/button.go:200","message":"create recipe ща salad: 6bbb7b44-a967-4c38-aaaa-0237cdb16e5a"}
{"level":"info","time":"2024-06-14T12:09:23+03:00","caller":"/Users/maximhalitov/go/pkg/mod/github.com/rivo/tview@v0.0.0-20240413115534-b0d41c484b95/button.go:200","message":"getting recipe by salad id: 6bbb7b44-a967-4c38-aaaa-0237cdb16e5a"}
{"level":"info","time":"2024-06-14T12:09:32+03:00","caller":"/Users/maximhalitov/Desktop/IU7/ppo/backend/console/app/app.go:664","message":"create recipeStep &{ID:00000000-0000-0000-0000-000000000000 RecipeID:1beee2cd-440a-4e09-8590-33cb39aa3521 Name:test Description:testing StepNum:1}"}
{"level":"info","time":"2024-06-14T12:09:34+03:00","caller":"/Users/maximhalitov/Desktop/IU7/ppo/backend/console/app/app.go:664","message":"create recipeStep &{ID:00000000-0000-0000-0000-000000000000 RecipeID:1beee2cd-440a-4e09-8590-33cb39aa3521 Name:test Description:testing StepNum:1}"}
{"level":"info","time":"2024-06-14T12:09:34+03:00","caller":"/Users/maximhalitov/Desktop/IU7/ppo/backend/console/app/app.go:664","message":"create recipeStep &{ID:00000000-0000-0000-0000-000000000000 RecipeID:1beee2cd-440a-4e09-8590-33cb39aa3521 Name:test Description:testing StepNum:1}"}
{"level":"info","time":"2024-06-14T12:09:34+03:00","caller":"/Users/maximhalitov/Desktop/IU7/ppo/backend/console/app/app.go:664","message":"create recipeStep &{ID:00000000-0000-0000-0000-000000000000 RecipeID:1beee2cd-440a-4e09-8590-33cb39aa3521 Name:test Description:testing StepNum:1}"}
{"level":"info","time":"2024-06-14T12:09:34+03:00","caller":"/Users/maximhalitov/Desktop/IU7/ppo/backend/console/app/app.go:664","message":"create recipeStep &{ID:00000000-0000-0000-0000-000000000000 RecipeID:1beee2cd-440a-4e09-8590-33cb39aa3521 Name:test Description:testing StepNum:1}"}
{"level":"info","time":"2024-06-14T12:09:39+03:00","caller":"/Users/maximhalitov/go/pkg/mod/github.com/rivo/tview@v0.0.0-20240413115534-b0d41c484b95/button.go:200","message":"updating recipe with id: 1beee2cd-440a-4e09-8590-33cb39aa3521"}
{"level":"info","time":"2024-06-14T12:09:46+03:00","caller":"/Users/maximhalitov/go/pkg/mod/github.com/rivo/tview@v0.0.0-20240413115534-b0d41c484b95/button.go:173","message":"login user with username: admin"}
{"level":"info","time":"2024-06-14T12:09:50+03:00","caller":"/Users/maximhalitov/Desktop/IU7/ppo/backend/console/app/app.go:899","message":"getting all salads by filter: &{AvailableIngredients:[] MinRate:0 SaladTypes:[] Status:2}"}
{"level":"info","time":"2024-06-14T12:09:51+03:00","caller":"/Users/maximhalitov/go/pkg/mod/github.com/rivo/tview@v0.0.0-20240413115534-b0d41c484b95/list.go:613","message":"getting recipe by salad id: 6bbb7b44-a967-4c38-aaaa-0237cdb16e5a"}
{"level":"info","time":"2024-06-14T12:09:51+03:00","caller":"/Users/maximhalitov/Desktop/IU7/ppo/backend/console/app/app.go:473","message":"getting salad types by salad id 6bbb7b44-a967-4c38-aaaa-0237cdb16e5a"}
{"level":"info","time":"2024-06-14T12:09:51+03:00","caller":"/Users/maximhalitov/Desktop/IU7/ppo/backend/console/app/app.go:473","message":"getting all ingredients by recipe id: 1beee2cd-440a-4e09-8590-33cb39aa3521"}
{"level":"info","time":"2024-06-14T12:09:51+03:00","caller":"/Users/maximhalitov/Desktop/IU7/ppo/backend/console/app/app.go:431","message":"getting all recipe steps by recipeId: 1beee2cd-440a-4e09-8590-33cb39aa3521"}
{"level":"info","time":"2024-06-14T12:09:56+03:00","caller":"/Users/maximhalitov/go/pkg/mod/github.com/rivo/tview@v0.0.0-20240413115534-b0d41c484b95/list.go:638","message":"updating recipe with id: 1beee2cd-440a-4e09-8590-33cb39aa3521"}
{"level":"info","time":"2024-06-14T12:09:56+03:00","caller":"/Users/maximhalitov/Desktop/IU7/ppo/backend/console/app/app.go:899","message":"getting all salads by filter: &{AvailableIngredients:[] MinRate:0 SaladTypes:[] Status:2}"}
{"level":"info","time":"2024-06-14T12:10:03+03:00","caller":"/Users/maximhalitov/Desktop/IU7/ppo/backend/console/app/app.go:312","message":"getting all salads by filter: &{AvailableIngredients:[] MinRate:0 SaladTypes:[] Status:4}"}
{"level":"info","time":"2024-06-14T12:10:07+03:00","caller":"/Users/maximhalitov/go/pkg/mod/github.com/rivo/tview@v0.0.0-20240413115534-b0d41c484b95/list.go:613","message":"getting recipe by salad id: 6bbb7b44-a967-4c38-aaaa-0237cdb16e5a"}
{"level":"info","time":"2024-06-14T12:10:07+03:00","caller":"/Users/maximhalitov/Desktop/IU7/ppo/backend/console/app/app.go:473","message":"getting salad types by salad id 6bbb7b44-a967-4c38-aaaa-0237cdb16e5a"}
{"level":"info","time":"2024-06-14T12:10:07+03:00","caller":"/Users/maximhalitov/Desktop/IU7/ppo/backend/console/app/app.go:473","message":"getting all ingredients by recipe id: 1beee2cd-440a-4e09-8590-33cb39aa3521"}
{"level":"info","time":"2024-06-14T12:10:07+03:00","caller":"/Users/maximhalitov/Desktop/IU7/ppo/backend/console/app/app.go:431","message":"getting all recipe steps by recipeId: 1beee2cd-440a-4e09-8590-33cb39aa3521"}
{"level":"info","time":"2024-06-14T13:22:56+03:00","caller":"/Users/maximhalitov/go/pkg/mod/github.com/rivo/tview@v0.0.0-20240524063012-037df494fb76/button.go:173","message":"login user with username: user"}
{"level":"info","time":"2024-06-14T13:22:57+03:00","caller":"/Users/maximhalitov/go/pkg/mod/github.com/!mx1q/ppo_console@v0.0.0-20240614102104-7c6d46d16415/app/app.go:953","message":"getting user by id: 02000000-0000-0000-0000-000000000000"}
{"level":"info","time":"2024-06-14T13:22:57+03:00","caller":"/Users/maximhalitov/go/pkg/mod/github.com/!mx1q/ppo_console@v0.0.0-20240614102104-7c6d46d16415/app/app.go:541","message":"getting all salads rated by user with id: 02000000-0000-0000-0000-000000000000"}
{"level":"info","time":"2024-06-14T13:23:49+03:00","caller":"/Users/maximhalitov/go/pkg/mod/github.com/rivo/tview@v0.0.0-20240524063012-037df494fb76/button.go:173","message":"login user with username: user"}
{"level":"info","time":"2024-06-14T13:23:50+03:00","caller":"/Users/maximhalitov/go/pkg/mod/github.com/!mx1q/ppo_console@v0.0.0-20240614102104-7c6d46d16415/app/app.go:953","message":"getting user by id: 02000000-0000-0000-0000-000000000000"}
{"level":"info","time":"2024-06-14T13:23:50+03:00","caller":"/Users/maximhalitov/go/pkg/mod/github.com/!mx1q/ppo_console@v0.0.0-20240614102104-7c6d46d16415/app/app.go:541","message":"getting all salads rated by user with id: 02000000-0000-0000-0000-000000000000"}
{"level":"info","time":"2024-06-14T13:23:53+03:00","caller":"/Users/maximhalitov/go/pkg/mod/github.com/!mx1q/ppo_console@v0.0.0-20240614102104-7c6d46d16415/app/app.go:326","message":"getting all salads by filter: &{AvailableIngredients:[] MinRate:0 SaladTypes:[] Status:4}"}
{"level":"info","time":"2024-06-14T13:23:55+03:00","caller":"/Users/maximhalitov/go/pkg/mod/github.com/!mx1q/ppo_console@v0.0.0-20240614102104-7c6d46d16415/app/app.go:326","message":"getting all salads by filter: &{AvailableIngredients:[] MinRate:0 SaladTypes:[] Status:4}"}
{"level":"info","time":"2024-06-14T13:24:06+03:00","caller":"/Users/maximhalitov/go/pkg/mod/github.com/rivo/tview@v0.0.0-20240524063012-037df494fb76/button.go:173","message":"getting user by id: 02000000-0000-0000-0000-000000000000"}
{"level":"info","time":"2024-06-14T13:24:06+03:00","caller":"/Users/maximhalitov/go/pkg/mod/github.com/rivo/tview@v0.0.0-20240524063012-037df494fb76/button.go:173","message":"creating comment by 02000000-0000-0000-0000-000000000000 to salad fbf4861f-4442-42bb-bf60-34fbe520bbd7"}
{"level":"info","time":"2024-06-14T13:24:06+03:00","caller":"/Users/maximhalitov/go/pkg/mod/github.com/rivo/tview@v0.0.0-20240524063012-037df494fb76/button.go:173","message":"getting user by id: 02000000-0000-0000-0000-000000000000"}
{"level":"info","time":"2024-06-14T13:24:06+03:00","caller":"/Users/maximhalitov/go/pkg/mod/github.com/rivo/tview@v0.0.0-20240524063012-037df494fb76/button.go:173","message":"creating comment by 02000000-0000-0000-0000-000000000000 to salad fbf4861f-4442-42bb-bf60-34fbe520bbd7"}
{"level":"error","time":"2024-06-14T13:24:06+03:00","caller":"/Users/maximhalitov/go/pkg/mod/github.com/rivo/tview@v0.0.0-20240524063012-037df494fb76/button.go:173","message":"creating comment: creating comment: ERROR: duplicate key value violates unique constraint \"comment_author_salad_key\" (SQLSTATE 23505)"}
{"level":"info","time":"2024-06-14T13:29:54+03:00","caller":"/Users/maximhalitov/go/pkg/mod/github.com/rivo/tview@v0.0.0-20240524063012-037df494fb76/button.go:173","message":"login user with username: user"}
{"level":"warn","time":"2024-06-14T13:29:54+03:00","caller":"/Users/maximhalitov/go/pkg/mod/github.com/rivo/tview@v0.0.0-20240524063012-037df494fb76/button.go:173","message":"login user: invalid password"}
{"level":"info","time":"2024-06-14T13:29:57+03:00","caller":"/Users/maximhalitov/go/pkg/mod/github.com/rivo/tview@v0.0.0-20240524063012-037df494fb76/button.go:173","message":"login user with username: user"}
{"level":"warn","time":"2024-06-14T13:29:58+03:00","caller":"/Users/maximhalitov/go/pkg/mod/github.com/rivo/tview@v0.0.0-20240524063012-037df494fb76/button.go:173","message":"login user: invalid password"}
{"level":"info","time":"2024-06-14T13:30:06+03:00","caller":"/Users/maximhalitov/go/pkg/mod/github.com/rivo/tview@v0.0.0-20240524063012-037df494fb76/button.go:173","message":"login user with username: admin"}
{"level":"info","time":"2024-06-14T13:30:07+03:00","caller":"/Users/maximhalitov/go/pkg/mod/github.com/!mx1q/ppo_console@v0.0.0-20240614102104-7c6d46d16415/app/app.go:913","message":"getting all salads by filter: &{AvailableIngredients:[] MinRate:0 SaladTypes:[] Status:2}"}
{"level":"info","time":"2024-06-14T13:37:38+03:00","caller":"/Users/maximhalitov/go/pkg/mod/github.com/rivo/tview@v0.0.0-20240524063012-037df494fb76/button.go:173","message":"login user with username: admin"}
{"level":"info","time":"2024-06-14T13:37:40+03:00","caller":"/Users/maximhalitov/go/pkg/mod/github.com/!mx1q/ppo_console@v0.0.0-20240614102104-7c6d46d16415/app/app.go:913","message":"getting all salads by filter: &{AvailableIngredients:[] MinRate:0 SaladTypes:[] Status:2}"}
{"level":"info","time":"2024-06-14T13:37:54+03:00","caller":"/Users/maximhalitov/go/pkg/mod/github.com/rivo/tview@v0.0.0-20240524063012-037df494fb76/button.go:173","message":"login user with username: user"}
{"level":"info","time":"2024-06-14T13:39:25+03:00","caller":"/Users/maximhalitov/go/pkg/mod/github.com/rivo/tview@v0.0.0-20240524063012-037df494fb76/button.go:173","message":"login user with username: admin"}
{"level":"info","time":"2024-06-14T13:39:27+03:00","caller":"/Users/maximhalitov/go/pkg/mod/github.com/!mx1q/ppo_console@v0.0.0-20240614102104-7c6d46d16415/app/app.go:913","message":"getting all salads by filter: &{AvailableIngredients:[] MinRate:0 SaladTypes:[] Status:2}"}
{"level":"info","time":"2024-06-14T13:39:33+03:00","caller":"/Users/maximhalitov/go/pkg/mod/github.com/!mx1q/ppo_console@v0.0.0-20240614102104-7c6d46d16415/app/app.go:983","message":"getting user by id: 01000000-0000-0000-0000-000000000000"}
{"level":"info","time":"2024-06-14T13:39:33+03:00","caller":"/Users/maximhalitov/go/pkg/mod/github.com/!mx1q/ppo_console@v0.0.0-20240614102104-7c6d46d16415/app/app.go:541","message":"getting all salads rated by user with id: 01000000-0000-0000-0000-000000000000"}
{"level":"info","time":"2024-06-20T13:45:39+03:00","caller":"/Users/maximhalitov/go/pkg/mod/github.com/rivo/tview@v0.0.0-20240524063012-037df494fb76/button.go:173","message":"login user with username: user"}
{"level":"info","time":"2024-06-20T13:45:42+03:00","caller":"/Users/maximhalitov/go/pkg/mod/github.com/!mx1q/ppo_console@v0.0.0-20240614102104-7c6d46d16415/app/app.go:326","message":"getting all salads by filter: &{AvailableIngredients:[] MinRate:0 SaladTypes:[] Status:4}"}
{"level":"info","time":"2024-06-20T13:45:47+03:00","caller":"/Users/maximhalitov/go/pkg/mod/github.com/!mx1q/ppo_console@v0.0.0-20240614102104-7c6d46d16415/app/app.go:953","message":"getting user by id: 02000000-0000-0000-0000-000000000000"}
{"level":"info","time":"2024-06-20T13:45:47+03:00","caller":"/Users/maximhalitov/go/pkg/mod/github.com/!mx1q/ppo_console@v0.0.0-20240614102104-7c6d46d16415/app/app.go:541","message":"getting all salads rated by user with id: 02000000-0000-0000-0000-000000000000"}
{"level":"info","time":"2024-06-20T19:14:13+03:00","caller":"/Users/maximhalitov/go/pkg/mod/github.com/rivo/tview@v0.0.0-20240524063012-037df494fb76/button.go:173","message":"login user with username: user"}
{"level":"info","time":"2024-06-20T19:14:15+03:00","caller":"/Users/maximhalitov/go/pkg/mod/github.com/!mx1q/ppo_console@v0.0.0-20240614102104-7c6d46d16415/app/app.go:326","message":"getting all salads by filter: &{AvailableIngredients:[] MinRate:0 SaladTypes:[] Status:4}"}
{"level":"info","time":"2024-06-20T19:14:21+03:00","caller":"/Users/maximhalitov/go/pkg/mod/github.com/!mx1q/ppo_console@v0.0.0-20240614102104-7c6d46d16415/app/app.go:953","message":"getting user by id: 02000000-0000-0000-0000-000000000000"}
{"level":"info","time":"2024-06-20T19:14:21+03:00","caller":"/Users/maximhalitov/go/pkg/mod/github.com/!mx1q/ppo_console@v0.0.0-20240614102104-7c6d46d16415/app/app.go:541","message":"getting all salads rated by user with id: 02000000-0000-0000-0000-000000000000"}
{"level":"info","time":"2024-06-20T19:14:56+03:00","caller":"/Users/maximhalitov/go/pkg/mod/github.com/!mx1q/ppo_console@v0.0.0-20240614102104-7c6d46d16415/app/app.go:326","message":"getting all salads by filter: &{AvailableIngredients:[] MinRate:0 SaladTypes:[] Status:4}"}
{"level":"info","time":"2024-06-20T19:14:57+03:00","caller":"/Users/maximhalitov/go/pkg/mod/github.com/rivo/tview@v0.0.0-20240524063012-037df494fb76/list.go:613","message":"getting recipe by salad id: fbabc2aa-cd4a-42b0-b68d-d3cf67fba06f"}
{"level":"info","time":"2024-06-20T19:14:57+03:00","caller":"/Users/maximhalitov/go/pkg/mod/github.com/!mx1q/ppo_console@v0.0.0-20240614102104-7c6d46d16415/app/app.go:487","message":"getting salad types by salad id fbabc2aa-cd4a-42b0-b68d-d3cf67fba06f"}
{"level":"info","time":"2024-06-20T19:14:57+03:00","caller":"/Users/maximhalitov/go/pkg/mod/github.com/!mx1q/ppo_console@v0.0.0-20240614102104-7c6d46d16415/app/app.go:487","message":"getting all ingredients by recipe id: 01000000-0000-0000-0000-000000000000"}
{"level":"info","time":"2024-06-20T19:14:57+03:00","caller":"/Users/maximhalitov/go/pkg/mod/github.com/!mx1q/ppo_console@v0.0.0-20240614102104-7c6d46d16415/app/app.go:445","message":"getting all recipe steps by recipeId: 01000000-0000-0000-0000-000000000000"}
{"level":"info","time":"2024-06-20T19:15:02+03:00","caller":"/Users/maximhalitov/go/pkg/mod/github.com/rivo/tview@v0.0.0-20240524063012-037df494fb76/list.go:613","message":"getting recipe by salad id: 957819e5-bf70-4c02-96d0-cbae6823419a"}
{"level":"info","time":"2024-06-20T19:15:02+03:00","caller":"/Users/maximhalitov/go/pkg/mod/github.com/!mx1q/ppo_console@v0.0.0-20240614102104-7c6d46d16415/app/app.go:487","message":"getting salad types by salad id 957819e5-bf70-4c02-96d0-cbae6823419a"}
{"level":"info","time":"2024-06-20T19:15:02+03:00","caller":"/Users/maximhalitov/go/pkg/mod/github.com/!mx1q/ppo_console@v0.0.0-20240614102104-7c6d46d16415/app/app.go:487","message":"getting all ingredients by recipe id: 03000000-0000-0000-0000-000000000000"}
{"level":"info","time":"2024-06-20T19:15:02+03:00","caller":"/Users/maximhalitov/go/pkg/mod/github.com/!mx1q/ppo_console@v0.0.0-20240614102104-7c6d46d16415/app/app.go:445","message":"getting all recipe steps by recipeId: 03000000-0000-0000-0000-000000000000"}
{"level":"info","time":"2024-06-20T19:15:08+03:00","caller":"/Users/maximhalitov/go/pkg/mod/github.com/rivo/tview@v0.0.0-20240524063012-037df494fb76/button.go:173","message":"login user with username: user"}
{"level":"info","time":"2024-06-20T19:16:08+03:00","caller":"/Users/maximhalitov/go/pkg/mod/github.com/rivo/tview@v0.0.0-20240524063012-037df494fb76/button.go:173","message":"login user with username: user"}
{"level":"warn","time":"2024-06-20T19:16:08+03:00","caller":"/Users/maximhalitov/go/pkg/mod/github.com/rivo/tview@v0.0.0-20240524063012-037df494fb76/button.go:173","message":"login user: invalid password"}
{"level":"info","time":"2024-06-20T19:36:32+03:00","caller":"/Users/maximhalitov/go/pkg/mod/github.com/!mx1q/ppo_console@v0.0.0-20240614102104-7c6d46d16415/app/app.go:326","message":"getting all salads by filter: &{AvailableIngredients:[] MinRate:0 SaladTypes:[] Status:4}"}
{"level":"fatal","time":"2024-06-20T19:42:02+03:00","caller":"/opt/homebrew/opt/go/libexec/src/runtime/asm_arm64.s:1222","message":"Unable to connect to database: pinging database: failed to connect to `user=user database=salads`:\n\thostname resolving error: lookup ashd: no such host\n\tlookup ashd: no such host"}
{"level":"info","time":"2024-06-20T19:56:59+03:00","caller":"/Users/maximhalitov/go/pkg/mod/github.com/rivo/tview@v0.0.0-20240524063012-037df494fb76/button.go:173","message":"login user with username: user"}
{"level":"info","time":"2024-06-20T19:58:01+03:00","caller":"/Users/maximhalitov/go/pkg/mod/github.com/rivo/tview@v0.0.0-20240524063012-037df494fb76/button.go:173","message":"login user with username: user"}
{"level":"info","time":"2024-06-20T19:58:08+03:00","caller":"/Users/maximhalitov/go/pkg/mod/github.com/rivo/tview@v0.0.0-20240524063012-037df494fb76/button.go:173","message":"login user with username: user"}
{"level":"warn","time":"2024-06-20T19:58:08+03:00","caller":"/Users/maximhalitov/go/pkg/mod/github.com/rivo/tview@v0.0.0-20240524063012-037df494fb76/button.go:173","message":"login user: invalid password"}
{"level":"info","time":"2024-06-20T20:03:27+03:00","caller":"/Users/maximhalitov/go/pkg/mod/github.com/rivo/tview@v0.0.0-20240524063012-037df494fb76/button.go:173","message":"login user with username: user"}
{"level":"warn","time":"2024-06-20T20:17:13+03:00","caller":"/Users/maximhalitov/go/pkg/mod/github.com/rivo/tview@v0.0.0-20240524063012-037df494fb76/button.go:173","message":"login user: invalid password"}
{"level":"fatal","time":"2024-06-20T20:17:45+03:00","caller":"/opt/homebrew/Cellar/go/1.22.2/libexec/src/runtime/asm_arm64.s:1222","message":"Unable to connect to database: pinging database: failed to connect to `user=user database=salads`:\n\t[::1]:5432 (localhost): dial error: dial tcp [::1]:5432: connect: connection refused\n\t127.0.0.1:5432 (localhost): dial error: dial tcp 127.0.0.1:5432: connect: connection refused\n\t[::1]:5432 (localhost): dial error: dial tcp [::1]:5432: connect: connection refused\n\t127.0.0.1:5432 (localhost): dial error: dial tcp 127.0.0.1:5432: connect: connection refused"}
